<?xml version="1.0" encoding="UTF-8"?>
<testng-results skipped="0" failed="0" total="3" passed="3">
  <reporter-output>
  </reporter-output>
  <suite name="Default suite" duration-ms="77920" started-at="2018-02-23T01:40:46Z" finished-at="2018-02-23T01:42:04Z">
    <groups>
    </groups>
    <test name="Default test" duration-ms="77920" started-at="2018-02-23T01:40:46Z" finished-at="2018-02-23T01:42:04Z">
      <class name="datadrivenwithdataprovider.domumlogin">
        <test-method status="PASS" signature="browser()[pri:0, instance:datadrivenwithdataprovider.domumlogin@13805618]" name="browser" is-config="true" duration-ms="10744" started-at="2018-02-22T20:40:46Z" finished-at="2018-02-22T20:40:57Z">
          <reporter-output>
          </reporter-output>
        </test-method> <!-- browser -->
        <test-method status="PASS" signature="logintoword(java.lang.String, java.lang.String)[pri:0, instance:datadrivenwithdataprovider.domumlogin@13805618]" name="logintoword" duration-ms="10327" started-at="2018-02-22T20:40:57Z" data-provider="testdata" finished-at="2018-02-22T20:41:07Z">
          <params>
            <param index="0">
              <value>
                <![CDATA[adminnn]]>
              </value>
            </param>
            <param index="1">
              <value>
                <![CDATA[demo]]>
              </value>
            </param>
          </params>
          <reporter-output>
          </reporter-output>
        </test-method> <!-- logintoword -->
        <test-method status="PASS" signature="teardown()[pri:0, instance:datadrivenwithdataprovider.domumlogin@13805618]" name="teardown" is-config="true" duration-ms="5233" started-at="2018-02-22T20:41:07Z" finished-at="2018-02-22T20:41:13Z">
          <reporter-output>
          </reporter-output>
        </test-method> <!-- teardown -->
        <test-method status="PASS" signature="browser()[pri:0, instance:datadrivenwithdataprovider.domumlogin@13805618]" name="browser" is-config="true" duration-ms="9912" started-at="2018-02-22T20:41:13Z" finished-at="2018-02-22T20:41:22Z">
          <reporter-output>
          </reporter-output>
        </test-method> <!-- browser -->
        <test-method status="PASS" signature="logintoword(java.lang.String, java.lang.String)[pri:0, instance:datadrivenwithdataprovider.domumlogin@13805618]" name="logintoword" duration-ms="9540" started-at="2018-02-22T20:41:22Z" data-provider="testdata" finished-at="2018-02-22T20:41:32Z">
          <params>
            <param index="0">
              <value>
                <![CDATA[admin]]>
              </value>
            </param>
            <param index="1">
              <value>
                <![CDATA[demo123]]>
              </value>
            </param>
          </params>
          <reporter-output>
          </reporter-output>
        </test-method> <!-- logintoword -->
        <test-method status="PASS" signature="teardown()[pri:0, instance:datadrivenwithdataprovider.domumlogin@13805618]" name="teardown" is-config="true" duration-ms="3312" started-at="2018-02-22T20:41:32Z" finished-at="2018-02-22T20:41:35Z">
          <reporter-output>
          </reporter-output>
        </test-method> <!-- teardown -->
        <test-method status="PASS" signature="browser()[pri:0, instance:datadrivenwithdataprovider.domumlogin@13805618]" name="browser" is-config="true" duration-ms="12874" started-at="2018-02-22T20:41:35Z" finished-at="2018-02-22T20:41:48Z">
          <reporter-output>
          </reporter-output>
        </test-method> <!-- browser -->
        <test-method status="PASS" signature="logintoword(java.lang.String, java.lang.String)[pri:0, instance:datadrivenwithdataprovider.domumlogin@13805618]" name="logintoword" duration-ms="10871" started-at="2018-02-22T20:41:48Z" data-provider="testdata" finished-at="2018-02-22T20:41:59Z">
          <params>
            <param index="0">
              <value>
                <![CDATA[adminnn]]>
              </value>
            </param>
            <param index="1">
              <value>
                <![CDATA[demo1]]>
              </value>
            </param>
          </params>
          <reporter-output>
          </reporter-output>
        </test-method> <!-- logintoword -->
        <test-method status="FAIL" signature="teardown()[pri:0, instance:datadrivenwithdataprovider.domumlogin@13805618]" name="teardown" is-config="true" duration-ms="0" started-at="2018-02-22T20:41:59Z" finished-at="2018-02-22T20:41:59Z">
          <exception class="org.openqa.selenium.WebDriverException">
            <message>
              <![CDATA[chrome not reachable
  (Session info: chrome=64.0.3282.167)
  (Driver info: chromedriver=2.33.506120 (e3e53437346286c0bc2d2dc9aa4915ba81d9023f),platform=Windows NT 10.0.14393 x86_64) (WARNING: The server did not provide any stacktrace information)
Command duration or timeout: 2.02 seconds
Build info: version: '3.4.0', revision: 'unknown', time: 'unknown'
System info: host: 'DESKTOP-089NAN2', ip: '192.168.2.14', os.name: 'Windows 10', os.arch: 'amd64', os.version: '10.0', java.version: '1.8.0_111'
Driver info: org.openqa.selenium.chrome.ChromeDriver
Capabilities [{applicationCacheEnabled=false, rotatable=false, mobileEmulationEnabled=false, networkConnectionEnabled=false, chrome={chromedriverVersion=2.33.506120 (e3e53437346286c0bc2d2dc9aa4915ba81d9023f), userDataDir=C:\Users\welcome\AppData\Local\Temp\scoped_dir19084_11910}, takesHeapSnapshot=true, pageLoadStrategy=normal, databaseEnabled=false, handlesAlerts=true, hasTouchScreen=false, version=64.0.3282.167, platform=XP, browserConnectionEnabled=false, nativeEvents=true, acceptSslCerts=true, locationContextEnabled=true, webStorageEnabled=true, browserName=chrome, takesScreenshot=true, javascriptEnabled=true, cssSelectorsEnabled=true, setWindowRect=true, unexpectedAlertBehaviour=}]
Session ID: 3e891ac46cc685f2aeaf272588023c55]]>
            </message>
            <full-stacktrace>
              <![CDATA[org.openqa.selenium.WebDriverException: chrome not reachable
  (Session info: chrome=64.0.3282.167)
  (Driver info: chromedriver=2.33.506120 (e3e53437346286c0bc2d2dc9aa4915ba81d9023f),platform=Windows NT 10.0.14393 x86_64) (WARNING: The server did not provide any stacktrace information)
Command duration or timeout: 2.02 seconds
Build info: version: '3.4.0', revision: 'unknown', time: 'unknown'
System info: host: 'DESKTOP-089NAN2', ip: '192.168.2.14', os.name: 'Windows 10', os.arch: 'amd64', os.version: '10.0', java.version: '1.8.0_111'
Driver info: org.openqa.selenium.chrome.ChromeDriver
Capabilities [{applicationCacheEnabled=false, rotatable=false, mobileEmulationEnabled=false, networkConnectionEnabled=false, chrome={chromedriverVersion=2.33.506120 (e3e53437346286c0bc2d2dc9aa4915ba81d9023f), userDataDir=C:\Users\welcome\AppData\Local\Temp\scoped_dir19084_11910}, takesHeapSnapshot=true, pageLoadStrategy=normal, databaseEnabled=false, handlesAlerts=true, hasTouchScreen=false, version=64.0.3282.167, platform=XP, browserConnectionEnabled=false, nativeEvents=true, acceptSslCerts=true, locationContextEnabled=true, webStorageEnabled=true, browserName=chrome, takesScreenshot=true, javascriptEnabled=true, cssSelectorsEnabled=true, setWindowRect=true, unexpectedAlertBehaviour=}]
Session ID: 3e891ac46cc685f2aeaf272588023c55
	at sun.reflect.NativeConstructorAccessorImpl.newInstance0(Native Method)
	at sun.reflect.NativeConstructorAccessorImpl.newInstance(Unknown Source)
	at sun.reflect.DelegatingConstructorAccessorImpl.newInstance(Unknown Source)
	at java.lang.reflect.Constructor.newInstance(Unknown Source)
	at org.openqa.selenium.remote.ErrorHandler.createThrowable(ErrorHandler.java:215)
	at org.openqa.selenium.remote.ErrorHandler.throwIfResponseFailed(ErrorHandler.java:167)
	at org.openqa.selenium.remote.RemoteWebDriver.execute(RemoteWebDriver.java:671)
	at org.openqa.selenium.remote.RemoteWebDriver.execute(RemoteWebDriver.java:694)
	at org.openqa.selenium.remote.RemoteWebDriver.close(RemoteWebDriver.java:523)
	at datadrivenwithdataprovider.domumlogin.teardown(domumlogin.java:72)
	at sun.reflect.NativeMethodAccessorImpl.invoke0(Native Method)
	at sun.reflect.NativeMethodAccessorImpl.invoke(Unknown Source)
	at sun.reflect.DelegatingMethodAccessorImpl.invoke(Unknown Source)
	at java.lang.reflect.Method.invoke(Unknown Source)
	at org.testng.internal.MethodInvocationHelper.invokeMethod(MethodInvocationHelper.java:80)
	at org.testng.internal.Invoker.invokeConfigurationMethod(Invoker.java:564)
	at org.testng.internal.Invoker.invokeConfigurations(Invoker.java:213)
	at org.testng.internal.Invoker.invokeMethod(Invoker.java:786)
	at org.testng.internal.Invoker.invokeTestMethod(Invoker.java:901)
	at org.testng.internal.Invoker.invokeTestMethods(Invoker.java:1231)
	at org.testng.internal.TestMethodWorker.invokeTestMethods(TestMethodWorker.java:127)
	at org.testng.internal.TestMethodWorker.run(TestMethodWorker.java:111)
	at org.testng.TestRunner.privateRun(TestRunner.java:767)
	at org.testng.TestRunner.run(TestRunner.java:617)
	at org.testng.SuiteRunner.runTest(SuiteRunner.java:334)
	at org.testng.SuiteRunner.runSequentially(SuiteRunner.java:329)
	at org.testng.SuiteRunner.privateRun(SuiteRunner.java:291)
	at org.testng.SuiteRunner.run(SuiteRunner.java:240)
	at org.testng.SuiteRunnerWorker.runSuite(SuiteRunnerWorker.java:52)
	at org.testng.SuiteRunnerWorker.run(SuiteRunnerWorker.java:86)
	at org.testng.TestNG.runSuitesSequentially(TestNG.java:1198)
	at org.testng.TestNG.runSuitesLocally(TestNG.java:1123)
	at org.testng.TestNG.run(TestNG.java:1031)
	at org.testng.remote.AbstractRemoteTestNG.run(AbstractRemoteTestNG.java:114)
	at org.testng.remote.RemoteTestNG.initAndRun(RemoteTestNG.java:251)
	at org.testng.remote.RemoteTestNG.main(RemoteTestNG.java:77)
]]>
            </full-stacktrace>
          </exception> <!-- org.openqa.selenium.WebDriverException -->
          <reporter-output>
          </reporter-output>
        </test-method> <!-- teardown -->
      </class> <!-- datadrivenwithdataprovider.domumlogin -->
    </test> <!-- Default test -->
  </suite> <!-- Default suite -->
</testng-results>
